Command line:
   Main_TOP_isim_beh.exe
     -simmode  gui
     -simrunnum  0
     -socket  57410

Mon Mar 20 18:37:48 2017


 Elaboration Time: 0.48 sec

 Current Memory Usage: 557.781 Meg

 Total Signals          : 754
 Total Nets             : 450214
 Total Signal Drivers   : 399
 Total Blocks           : 36
 Total Primitive Blocks : 25
 Total Processes        : 200
 Total Traceable Variables  : 439
 Total Scalar Nets and Variables : 456155
Total Line Count : 2244

 Total Simulation Time: 0.59 sec

 Current Memory Usage: 633.283 Meg

Mon Mar 20 18:38:11 2017

