--------------------------------------------------------------------------------
Release 14.7 Trace  (lin64)
Copyright (c) 1995-2013 Xilinx, Inc.  All rights reserved.

/home/f3nr1r/Manual_Softwares/14.7/ISE_DS/ISE/bin/lin64/unwrapped/trce
-intstyle ise -v 3 -s 3 -n 3 -fastpaths -xml Main_ctrlr.twx Main_ctrlr.ncd -o
Main_ctrlr.twr Main_ctrlr.pcf

Design file:              Main_ctrlr.ncd
Physical constraint file: Main_ctrlr.pcf
Device,package,speed:     xc6slx9,tqg144,C,-3 (PRODUCTION 1.23 2013-10-13)
Report level:             verbose report

Environment Variable      Effect 
--------------------      ------ 
NONE                      No environment variables were set
--------------------------------------------------------------------------------

INFO:Timing:2698 - No timing constraints found, doing default enumeration.
INFO:Timing:3412 - To improve timing, see the Timing Closure User Guide (UG612).
INFO:Timing:2752 - To get complete path coverage, use the unconstrained paths 
   option. All paths that are not constrained will be reported in the 
   unconstrained paths section(s) of the report.
INFO:Timing:3339 - The clock-to-out numbers in this timing report are based on 
   a 50 Ohm transmission line loading model.  For the details of this model, 
   and for more information on accounting for different loading conditions, 
   please see the device datasheet.



Data Sheet report:
-----------------
All values displayed in nanoseconds (ns)

Setup/Hold to clock CLK_i
------------+------------+------------+------------+------------+------------------+--------+
            |Max Setup to|  Process   |Max Hold to |  Process   |                  | Clock  |
Source      | clk (edge) |   Corner   | clk (edge) |   Corner   |Internal Clock(s) | Phase  |
------------+------------+------------+------------+------------+------------------+--------+
D_io<0>     |    5.052(R)|      SLOW  |   -1.787(R)|      FAST  |CLK_i_BUFGP       |   0.000|
D_io<1>     |    5.249(R)|      SLOW  |   -1.842(R)|      FAST  |CLK_i_BUFGP       |   0.000|
D_io<2>     |    4.380(R)|      SLOW  |   -1.539(R)|      FAST  |CLK_i_BUFGP       |   0.000|
D_io<3>     |    5.357(R)|      SLOW  |   -1.703(R)|      FAST  |CLK_i_BUFGP       |   0.000|
D_io<4>     |    5.920(R)|      SLOW  |   -1.939(R)|      FAST  |CLK_i_BUFGP       |   0.000|
D_io<5>     |    5.878(R)|      SLOW  |   -1.612(R)|      FAST  |CLK_i_BUFGP       |   0.000|
D_io<6>     |    5.440(R)|      SLOW  |   -1.715(R)|      FAST  |CLK_i_BUFGP       |   0.000|
D_io<7>     |    5.654(R)|      SLOW  |   -1.521(R)|      FAST  |CLK_i_BUFGP       |   0.000|
RST_i       |    6.130(R)|      SLOW  |   -1.327(R)|      FAST  |CLK_i_BUFGP       |   0.000|
ft_rd_done_i|    5.724(R)|      SLOW  |   -1.545(R)|      FAST  |CLK_i_BUFGP       |   0.000|
ft_wr_done_i|    4.438(R)|      SLOW  |   -0.588(R)|      SLOW  |CLK_i_BUFGP       |   0.000|
mem_wr_ack_i|    4.671(R)|      SLOW  |   -1.552(R)|      FAST  |CLK_i_BUFGP       |   0.000|
------------+------------+------------+------------+------------+------------------+--------+

Clock CLK_i to Pad
-----------------+-----------------+------------+-----------------+------------+------------------+--------+
                 |Max (slowest) clk|  Process   |Min (fastest) clk|  Process   |                  | Clock  |
Destination      |  (edge) to PAD  |   Corner   |  (edge) to PAD  |   Corner   |Internal Clock(s) | Phase  |
-----------------+-----------------+------------+-----------------+------------+------------------+--------+
D_io<0>          |        10.802(R)|      SLOW  |         4.946(R)|      FAST  |CLK_i_BUFGP       |   0.000|
D_io<1>          |        10.802(R)|      SLOW  |         4.860(R)|      FAST  |CLK_i_BUFGP       |   0.000|
D_io<2>          |        11.206(R)|      SLOW  |         4.897(R)|      FAST  |CLK_i_BUFGP       |   0.000|
D_io<3>          |        11.065(R)|      SLOW  |         5.144(R)|      FAST  |CLK_i_BUFGP       |   0.000|
D_io<4>          |        11.063(R)|      SLOW  |         5.200(R)|      FAST  |CLK_i_BUFGP       |   0.000|
D_io<5>          |        11.017(R)|      SLOW  |         5.033(R)|      FAST  |CLK_i_BUFGP       |   0.000|
D_io<6>          |        11.017(R)|      SLOW  |         5.153(R)|      FAST  |CLK_i_BUFGP       |   0.000|
D_io<7>          |        10.930(R)|      SLOW  |         5.092(R)|      FAST  |CLK_i_BUFGP       |   0.000|
D_mem_o<0>       |         8.511(R)|      SLOW  |         4.544(R)|      FAST  |CLK_i_BUFGP       |   0.000|
D_mem_o<1>       |         8.627(R)|      SLOW  |         4.616(R)|      FAST  |CLK_i_BUFGP       |   0.000|
D_mem_o<2>       |         8.517(R)|      SLOW  |         4.570(R)|      FAST  |CLK_i_BUFGP       |   0.000|
D_mem_o<3>       |         8.720(R)|      SLOW  |         4.674(R)|      FAST  |CLK_i_BUFGP       |   0.000|
D_mem_o<4>       |         8.789(R)|      SLOW  |         4.699(R)|      FAST  |CLK_i_BUFGP       |   0.000|
D_mem_o<5>       |         8.645(R)|      SLOW  |         4.614(R)|      FAST  |CLK_i_BUFGP       |   0.000|
D_mem_o<6>       |         8.678(R)|      SLOW  |         4.652(R)|      FAST  |CLK_i_BUFGP       |   0.000|
D_mem_o<7>       |         9.034(R)|      SLOW  |         4.929(R)|      FAST  |CLK_i_BUFGP       |   0.000|
D_mem_o<8>       |         8.765(R)|      SLOW  |         4.716(R)|      FAST  |CLK_i_BUFGP       |   0.000|
D_mem_o<9>       |         8.598(R)|      SLOW  |         4.587(R)|      FAST  |CLK_i_BUFGP       |   0.000|
D_mem_o<10>      |         8.488(R)|      SLOW  |         4.541(R)|      FAST  |CLK_i_BUFGP       |   0.000|
D_mem_o<11>      |         8.657(R)|      SLOW  |         4.654(R)|      FAST  |CLK_i_BUFGP       |   0.000|
D_mem_o<12>      |         8.898(R)|      SLOW  |         4.823(R)|      FAST  |CLK_i_BUFGP       |   0.000|
D_mem_o<13>      |         8.754(R)|      SLOW  |         4.738(R)|      FAST  |CLK_i_BUFGP       |   0.000|
GEN_RUN_o        |         8.697(R)|      SLOW  |         4.747(R)|      FAST  |CLK_i_BUFGP       |   0.000|
att_o<0>         |         9.181(R)|      SLOW  |         5.068(R)|      FAST  |CLK_i_BUFGP       |   0.000|
att_o<1>         |         8.916(R)|      SLOW  |         4.897(R)|      FAST  |CLK_i_BUFGP       |   0.000|
att_o<2>         |         9.284(R)|      SLOW  |         5.121(R)|      FAST  |CLK_i_BUFGP       |   0.000|
att_o<3>         |         9.261(R)|      SLOW  |         5.077(R)|      FAST  |CLK_i_BUFGP       |   0.000|
ft_wr_en_o       |         8.322(R)|      SLOW  |         4.441(R)|      FAST  |CLK_i_BUFGP       |   0.000|
inc_rd_addr_o<0> |         7.742(R)|      SLOW  |         4.151(R)|      FAST  |CLK_i_BUFGP       |   0.000|
inc_rd_addr_o<1> |         7.841(R)|      SLOW  |         4.211(R)|      FAST  |CLK_i_BUFGP       |   0.000|
inc_rd_addr_o<2> |         7.364(R)|      SLOW  |         3.916(R)|      FAST  |CLK_i_BUFGP       |   0.000|
inc_rd_addr_o<3> |         7.334(R)|      SLOW  |         3.886(R)|      FAST  |CLK_i_BUFGP       |   0.000|
inc_rd_addr_o<4> |         7.605(R)|      SLOW  |         4.059(R)|      FAST  |CLK_i_BUFGP       |   0.000|
inc_rd_addr_o<5> |         7.434(R)|      SLOW  |         3.937(R)|      FAST  |CLK_i_BUFGP       |   0.000|
inc_rd_addr_o<6> |         7.593(R)|      SLOW  |         4.032(R)|      FAST  |CLK_i_BUFGP       |   0.000|
inc_rd_addr_o<7> |         7.674(R)|      SLOW  |         4.139(R)|      FAST  |CLK_i_BUFGP       |   0.000|
inc_rd_addr_o<8> |         7.277(R)|      SLOW  |         3.831(R)|      FAST  |CLK_i_BUFGP       |   0.000|
inc_rd_addr_o<9> |         7.587(R)|      SLOW  |         4.037(R)|      FAST  |CLK_i_BUFGP       |   0.000|
inc_rd_addr_o<10>|         7.597(R)|      SLOW  |         4.023(R)|      FAST  |CLK_i_BUFGP       |   0.000|
inc_rd_addr_o<11>|         7.453(R)|      SLOW  |         3.938(R)|      FAST  |CLK_i_BUFGP       |   0.000|
inc_rd_addr_o<12>|         8.628(R)|      SLOW  |         4.634(R)|      FAST  |CLK_i_BUFGP       |   0.000|
inc_rd_addr_o<13>|         8.692(R)|      SLOW  |         4.715(R)|      FAST  |CLK_i_BUFGP       |   0.000|
max_rd_addr_o<0> |         7.964(R)|      SLOW  |         4.198(R)|      FAST  |CLK_i_BUFGP       |   0.000|
max_rd_addr_o<1> |         8.045(R)|      SLOW  |         4.256(R)|      FAST  |CLK_i_BUFGP       |   0.000|
max_rd_addr_o<2> |         7.718(R)|      SLOW  |         4.031(R)|      FAST  |CLK_i_BUFGP       |   0.000|
max_rd_addr_o<3> |         7.718(R)|      SLOW  |         4.031(R)|      FAST  |CLK_i_BUFGP       |   0.000|
max_rd_addr_o<4> |         7.076(R)|      SLOW  |         3.609(R)|      FAST  |CLK_i_BUFGP       |   0.000|
max_rd_addr_o<5> |         7.238(R)|      SLOW  |         3.717(R)|      FAST  |CLK_i_BUFGP       |   0.000|
max_rd_addr_o<6> |         6.844(R)|      SLOW  |         3.489(R)|      FAST  |CLK_i_BUFGP       |   0.000|
max_rd_addr_o<7> |         6.844(R)|      SLOW  |         3.489(R)|      FAST  |CLK_i_BUFGP       |   0.000|
max_rd_addr_o<8> |         6.852(R)|      SLOW  |         3.497(R)|      FAST  |CLK_i_BUFGP       |   0.000|
max_rd_addr_o<9> |         6.793(R)|      SLOW  |         3.462(R)|      FAST  |CLK_i_BUFGP       |   0.000|
max_rd_addr_o<10>|         7.071(R)|      SLOW  |         3.664(R)|      FAST  |CLK_i_BUFGP       |   0.000|
max_rd_addr_o<11>|         7.077(R)|      SLOW  |         3.641(R)|      FAST  |CLK_i_BUFGP       |   0.000|
max_rd_addr_o<12>|         7.028(R)|      SLOW  |         3.651(R)|      FAST  |CLK_i_BUFGP       |   0.000|
max_rd_addr_o<13>|         7.051(R)|      SLOW  |         3.636(R)|      FAST  |CLK_i_BUFGP       |   0.000|
max_rd_addr_o<14>|         7.044(R)|      SLOW  |         3.662(R)|      FAST  |CLK_i_BUFGP       |   0.000|
smp_rdy_o        |         8.684(R)|      SLOW  |         4.730(R)|      FAST  |CLK_i_BUFGP       |   0.000|
wr_addr_o<0>     |         8.608(R)|      SLOW  |         4.639(R)|      FAST  |CLK_i_BUFGP       |   0.000|
wr_addr_o<1>     |         8.881(R)|      SLOW  |         4.810(R)|      FAST  |CLK_i_BUFGP       |   0.000|
wr_addr_o<2>     |         8.515(R)|      SLOW  |         4.540(R)|      FAST  |CLK_i_BUFGP       |   0.000|
wr_addr_o<3>     |         8.599(R)|      SLOW  |         4.598(R)|      FAST  |CLK_i_BUFGP       |   0.000|
wr_addr_o<4>     |         8.589(R)|      SLOW  |         4.598(R)|      FAST  |CLK_i_BUFGP       |   0.000|
wr_addr_o<5>     |         8.461(R)|      SLOW  |         4.527(R)|      FAST  |CLK_i_BUFGP       |   0.000|
wr_addr_o<6>     |         9.196(R)|      SLOW  |         4.978(R)|      FAST  |CLK_i_BUFGP       |   0.000|
wr_addr_o<7>     |         8.594(R)|      SLOW  |         4.620(R)|      FAST  |CLK_i_BUFGP       |   0.000|
wr_addr_o<8>     |         9.392(R)|      SLOW  |         5.182(R)|      FAST  |CLK_i_BUFGP       |   0.000|
wr_addr_o<9>     |         8.824(R)|      SLOW  |         4.785(R)|      FAST  |CLK_i_BUFGP       |   0.000|
wr_addr_o<10>    |         8.679(R)|      SLOW  |         4.719(R)|      FAST  |CLK_i_BUFGP       |   0.000|
wr_addr_o<11>    |         8.765(R)|      SLOW  |         4.747(R)|      FAST  |CLK_i_BUFGP       |   0.000|
wr_addr_o<12>    |         8.906(R)|      SLOW  |         4.860(R)|      FAST  |CLK_i_BUFGP       |   0.000|
wr_addr_o<13>    |         8.726(R)|      SLOW  |         4.741(R)|      FAST  |CLK_i_BUFGP       |   0.000|
wr_addr_o<14>    |         7.944(R)|      SLOW  |         4.276(R)|      FAST  |CLK_i_BUFGP       |   0.000|
-----------------+-----------------+------------+-----------------+------------+------------------+--------+

Clock to Setup on destination clock CLK_i
---------------+---------+---------+---------+---------+
               | Src:Rise| Src:Fall| Src:Rise| Src:Fall|
Source Clock   |Dest:Rise|Dest:Rise|Dest:Fall|Dest:Fall|
---------------+---------+---------+---------+---------+
CLK_i          |    4.247|         |         |         |
---------------+---------+---------+---------+---------+

Pad to Pad
---------------+---------------+---------+
Source Pad     |Destination Pad|  Delay  |
---------------+---------------+---------+
RST_i          |D_io<0>        |   11.655|
RST_i          |D_io<1>        |   11.655|
RST_i          |D_io<2>        |   12.059|
RST_i          |D_io<3>        |   11.918|
RST_i          |D_io<4>        |   11.918|
RST_i          |D_io<5>        |   11.872|
RST_i          |D_io<6>        |   11.872|
RST_i          |D_io<7>        |   11.775|
---------------+---------------+---------+


Analysis completed Tue Mar  7 14:01:25 2017 
--------------------------------------------------------------------------------

Trace Settings:
-------------------------
Trace Settings 

Peak Memory Usage: 384 MB



